Analysis & Synthesis report for CanBus
Tue May 30 02:36:03 2017
Quartus Prime Version 17.0.0 Build 595 04/25/2017 SJ Lite Edition


---------------------
; Table of Contents ;
---------------------
  1. Legal Notice
  2. Analysis & Synthesis Summary
  3. Analysis & Synthesis Settings
  4. Parallel Compilation
  5. Analysis & Synthesis Source Files Read
  6. Analysis & Synthesis Resource Usage Summary
  7. Analysis & Synthesis Resource Utilization by Entity
  8. State Machine - |can_rx|Estado
  9. State Machine - |can_rx|Redirecionando
 10. Registers Removed During Synthesis
 11. General Register Statistics
 12. Inverted Register Statistics
 13. Multiplexer Restructuring Statistics (Restructuring Performed)
 14. Parameter Settings for User Entity Instance: Top-level Entity: |can_rx
 15. Parameter Settings for User Entity Instance: can_stuff_error:CAN_RX_INST
 16. Post-Synthesis Netlist Statistics for Top Partition
 17. Elapsed Time Per Partition
 18. Analysis & Synthesis Messages
 19. Analysis & Synthesis Suppressed Messages



----------------
; Legal Notice ;
----------------
Copyright (C) 2017  Intel Corporation. All rights reserved.
Your use of Intel Corporation's design tools, logic functions 
and other software and tools, and its AMPP partner logic 
functions, and any output files from any of the foregoing 
(including device programming or simulation files), and any 
associated documentation or information are expressly subject 
to the terms and conditions of the Intel Program License 
Subscription Agreement, the Intel Quartus Prime License Agreement,
the Intel MegaCore Function License Agreement, or other 
applicable license agreement, including, without limitation, 
that your use is for the sole purpose of programming logic 
devices manufactured by Intel and sold by Intel or its 
authorized distributors.  Please refer to the applicable 
agreement for further details.



+----------------------------------------------------------------------------------+
; Analysis & Synthesis Summary                                                     ;
+------------------------------------+---------------------------------------------+
; Analysis & Synthesis Status        ; Successful - Tue May 30 02:36:03 2017       ;
; Quartus Prime Version              ; 17.0.0 Build 595 04/25/2017 SJ Lite Edition ;
; Revision Name                      ; CanBus                                      ;
; Top-level Entity Name              ; can_rx                                      ;
; Family                             ; Cyclone IV E                                ;
; Total logic elements               ; 1,410                                       ;
;     Total combinational functions  ; 1,407                                       ;
;     Dedicated logic registers      ; 304                                         ;
; Total registers                    ; 304                                         ;
; Total pins                         ; 111                                         ;
; Total virtual pins                 ; 0                                           ;
; Total memory bits                  ; 0                                           ;
; Embedded Multiplier 9-bit elements ; 0                                           ;
; Total PLLs                         ; 0                                           ;
+------------------------------------+---------------------------------------------+


+----------------------------------------------------------------------------------------------------------------------+
; Analysis & Synthesis Settings                                                                                        ;
+----------------------------------------------------------------------------+--------------------+--------------------+
; Option                                                                     ; Setting            ; Default Value      ;
+----------------------------------------------------------------------------+--------------------+--------------------+
; Top-level entity name                                                      ; can_rx             ; CanBus             ;
; Family name                                                                ; Cyclone IV E       ; Cyclone V          ;
; Use smart compilation                                                      ; Off                ; Off                ;
; Enable parallel Assembler and TimeQuest Timing Analyzer during compilation ; On                 ; On                 ;
; Enable compact report table                                                ; Off                ; Off                ;
; Restructure Multiplexers                                                   ; Auto               ; Auto               ;
; Create Debugging Nodes for IP Cores                                        ; Off                ; Off                ;
; Preserve fewer node names                                                  ; On                 ; On                 ;
; OpenCore Plus hardware evaluation                                          ; Enable             ; Enable             ;
; Verilog Version                                                            ; Verilog_2001       ; Verilog_2001       ;
; VHDL Version                                                               ; VHDL_1993          ; VHDL_1993          ;
; State Machine Processing                                                   ; Auto               ; Auto               ;
; Safe State Machine                                                         ; Off                ; Off                ;
; Extract Verilog State Machines                                             ; On                 ; On                 ;
; Extract VHDL State Machines                                                ; On                 ; On                 ;
; Ignore Verilog initial constructs                                          ; Off                ; Off                ;
; Iteration limit for constant Verilog loops                                 ; 5000               ; 5000               ;
; Iteration limit for non-constant Verilog loops                             ; 250                ; 250                ;
; Add Pass-Through Logic to Inferred RAMs                                    ; On                 ; On                 ;
; Infer RAMs from Raw Logic                                                  ; On                 ; On                 ;
; Parallel Synthesis                                                         ; On                 ; On                 ;
; DSP Block Balancing                                                        ; Auto               ; Auto               ;
; NOT Gate Push-Back                                                         ; On                 ; On                 ;
; Power-Up Don't Care                                                        ; On                 ; On                 ;
; Remove Redundant Logic Cells                                               ; Off                ; Off                ;
; Remove Duplicate Registers                                                 ; On                 ; On                 ;
; Ignore CARRY Buffers                                                       ; Off                ; Off                ;
; Ignore CASCADE Buffers                                                     ; Off                ; Off                ;
; Ignore GLOBAL Buffers                                                      ; Off                ; Off                ;
; Ignore ROW GLOBAL Buffers                                                  ; Off                ; Off                ;
; Ignore LCELL Buffers                                                       ; Off                ; Off                ;
; Ignore SOFT Buffers                                                        ; On                 ; On                 ;
; Limit AHDL Integers to 32 Bits                                             ; Off                ; Off                ;
; Optimization Technique                                                     ; Balanced           ; Balanced           ;
; Carry Chain Length                                                         ; 70                 ; 70                 ;
; Auto Carry Chains                                                          ; On                 ; On                 ;
; Auto Open-Drain Pins                                                       ; On                 ; On                 ;
; Perform WYSIWYG Primitive Resynthesis                                      ; Off                ; Off                ;
; Auto ROM Replacement                                                       ; On                 ; On                 ;
; Auto RAM Replacement                                                       ; On                 ; On                 ;
; Auto DSP Block Replacement                                                 ; On                 ; On                 ;
; Auto Shift Register Replacement                                            ; Auto               ; Auto               ;
; Allow Shift Register Merging across Hierarchies                            ; Auto               ; Auto               ;
; Auto Clock Enable Replacement                                              ; On                 ; On                 ;
; Strict RAM Replacement                                                     ; Off                ; Off                ;
; Allow Synchronous Control Signals                                          ; On                 ; On                 ;
; Force Use of Synchronous Clear Signals                                     ; Off                ; Off                ;
; Auto RAM Block Balancing                                                   ; On                 ; On                 ;
; Auto RAM to Logic Cell Conversion                                          ; Off                ; Off                ;
; Auto Resource Sharing                                                      ; Off                ; Off                ;
; Allow Any RAM Size For Recognition                                         ; Off                ; Off                ;
; Allow Any ROM Size For Recognition                                         ; Off                ; Off                ;
; Allow Any Shift Register Size For Recognition                              ; Off                ; Off                ;
; Use LogicLock Constraints during Resource Balancing                        ; On                 ; On                 ;
; Ignore translate_off and synthesis_off directives                          ; Off                ; Off                ;
; Timing-Driven Synthesis                                                    ; On                 ; On                 ;
; Report Parameter Settings                                                  ; On                 ; On                 ;
; Report Source Assignments                                                  ; On                 ; On                 ;
; Report Connectivity Checks                                                 ; On                 ; On                 ;
; Ignore Maximum Fan-Out Assignments                                         ; Off                ; Off                ;
; Synchronization Register Chain Length                                      ; 2                  ; 2                  ;
; PowerPlay Power Optimization During Synthesis                              ; Normal compilation ; Normal compilation ;
; HDL message level                                                          ; Level2             ; Level2             ;
; Suppress Register Optimization Related Messages                            ; Off                ; Off                ;
; Number of Removed Registers Reported in Synthesis Report                   ; 5000               ; 5000               ;
; Number of Swept Nodes Reported in Synthesis Report                         ; 5000               ; 5000               ;
; Number of Inverted Registers Reported in Synthesis Report                  ; 100                ; 100                ;
; Clock MUX Protection                                                       ; On                 ; On                 ;
; Auto Gated Clock Conversion                                                ; Off                ; Off                ;
; Block Design Naming                                                        ; Auto               ; Auto               ;
; SDC constraint protection                                                  ; Off                ; Off                ;
; Synthesis Effort                                                           ; Auto               ; Auto               ;
; Shift Register Replacement - Allow Asynchronous Clear Signal               ; On                 ; On                 ;
; Pre-Mapping Resynthesis Optimization                                       ; Off                ; Off                ;
; Analysis & Synthesis Message Level                                         ; Medium             ; Medium             ;
; Disable Register Merging Across Hierarchies                                ; Auto               ; Auto               ;
; Resource Aware Inference For Block RAM                                     ; On                 ; On                 ;
+----------------------------------------------------------------------------+--------------------+--------------------+


+------------------------------------------+
; Parallel Compilation                     ;
+----------------------------+-------------+
; Processors                 ; Number      ;
+----------------------------+-------------+
; Number detected on machine ; 4           ;
; Maximum allowed            ; 2           ;
;                            ;             ;
; Average used               ; 1.00        ;
; Maximum used               ; 2           ;
;                            ;             ;
; Usage by Processor         ; % Time Used ;
;     Processor 1            ; 100.0%      ;
;     Processor 2            ;   0.1%      ;
+----------------------------+-------------+


+------------------------------------------------------------------------------------------------------------------------------------------------------------+
; Analysis & Synthesis Source Files Read                                                                                                                     ;
+----------------------------------+-----------------+------------------------+--------------------------------------------------------------------+---------+
; File Name with User-Entered Path ; Used in Netlist ; File Type              ; File Name with Absolute Path                                       ; Library ;
+----------------------------------+-----------------+------------------------+--------------------------------------------------------------------+---------+
; can_rx.v                         ; yes             ; User Verilog HDL File  ; C:/Users/Carol/Documents/quartusworkspace/CanBus/can_rx.v          ;         ;
; can_stuff_error.v                ; yes             ; User Verilog HDL File  ; C:/Users/Carol/Documents/quartusworkspace/CanBus/can_stuff_error.v ;         ;
+----------------------------------+-----------------+------------------------+--------------------------------------------------------------------+---------+


+-------------------------------------------------------------+
; Analysis & Synthesis Resource Usage Summary                 ;
+---------------------------------------------+---------------+
; Resource                                    ; Usage         ;
+---------------------------------------------+---------------+
; Estimated Total logic elements              ; 1,410         ;
;                                             ;               ;
; Total combinational functions               ; 1407          ;
; Logic element usage by number of LUT inputs ;               ;
;     -- 4 input functions                    ; 782           ;
;     -- 3 input functions                    ; 207           ;
;     -- <=2 input functions                  ; 418           ;
;                                             ;               ;
; Logic elements by mode                      ;               ;
;     -- normal mode                          ; 1039          ;
;     -- arithmetic mode                      ; 368           ;
;                                             ;               ;
; Total registers                             ; 304           ;
;     -- Dedicated logic registers            ; 304           ;
;     -- I/O registers                        ; 0             ;
;                                             ;               ;
; I/O pins                                    ; 111           ;
;                                             ;               ;
; Embedded Multiplier 9-bit elements          ; 0             ;
;                                             ;               ;
; Maximum fan-out node                        ; i_Clock~input ;
; Maximum fan-out                             ; 304           ;
; Total fan-out                               ; 5615          ;
; Average fan-out                             ; 2.90          ;
+---------------------------------------------+---------------+


+------------------------------------------------------------------------------------------------------------------------------------------------------------------------------------------------------------------------------------+
; Analysis & Synthesis Resource Utilization by Entity                                                                                                                                                                                ;
+----------------------------------+---------------------+---------------------------+-------------+--------------+---------+-----------+------+--------------+-------------------------------------+-----------------+--------------+
; Compilation Hierarchy Node       ; Combinational ALUTs ; Dedicated Logic Registers ; Memory Bits ; DSP Elements ; DSP 9x9 ; DSP 18x18 ; Pins ; Virtual Pins ; Full Hierarchy Name                 ; Entity Name     ; Library Name ;
+----------------------------------+---------------------+---------------------------+-------------+--------------+---------+-----------+------+--------------+-------------------------------------+-----------------+--------------+
; |can_rx                          ; 1407 (1405)         ; 304 (301)                 ; 0           ; 0            ; 0       ; 0         ; 111  ; 0            ; |can_rx                             ; can_rx          ; work         ;
;    |can_stuff_error:CAN_RX_INST| ; 2 (2)               ; 3 (3)                     ; 0           ; 0            ; 0       ; 0         ; 0    ; 0            ; |can_rx|can_stuff_error:CAN_RX_INST ; can_stuff_error ; work         ;
+----------------------------------+---------------------+---------------------------+-------------+--------------+---------+-----------+------+--------------+-------------------------------------+-----------------+--------------+
Note: For table entries with two numbers listed, the numbers in parentheses indicate the number of resources of the given type used by the specific entity alone. The numbers listed outside of parentheses indicate the total resources of the given type used by the specific entity and all of its sub-entities in the hierarchy.


Encoding Type:  One-Hot
+----------------------------------------------------------------------------------------------------------------------------------------------------------------------------------------------------------------------------------------------------------------------------------------------------------------------------------------------------------------------------------------------------------------------------+
; State Machine - |can_rx|Estado                                                                                                                                                                                                                                                                                                                                                                                             ;
+--------------------------------+----------------------+-----------------------+-----------------------+---------------+------------------+------------------+------------------+-------------------+------------------+--------------------------+--------------------+---------------------+------------------------+------------------------+----------------------------+--------------------------------+--------------+
; Name                           ; Estado.CRC_Delimiter ; Estado.Stuffing_Error ; Estado.Stuffing_Check ; Estado.Ocioso ; Estado.ConClusao ; Estado.ACK_Frame ; Estado.CRC_Frame ; Estado.Data_Frame ; Estado.DoubtBits ; Estado.Length_Data_Field ; Estado.Start_Frame ; Estado.End_Of_Frame ; Estado.Identificador_B ; Estado.Identificador_A ; Estado.Reserved_Bit_Normal ; Estado.Reserved_Bits_Extandard ; Estado.00000 ;
+--------------------------------+----------------------+-----------------------+-----------------------+---------------+------------------+------------------+------------------+-------------------+------------------+--------------------------+--------------------+---------------------+------------------------+------------------------+----------------------------+--------------------------------+--------------+
; Estado.00000                   ; 0                    ; 0                     ; 0                     ; 0             ; 0                ; 0                ; 0                ; 0                 ; 0                ; 0                        ; 0                  ; 0                   ; 0                      ; 0                      ; 0                          ; 0                              ; 0            ;
; Estado.Reserved_Bits_Extandard ; 0                    ; 0                     ; 0                     ; 0             ; 0                ; 0                ; 0                ; 0                 ; 0                ; 0                        ; 0                  ; 0                   ; 0                      ; 0                      ; 0                          ; 1                              ; 1            ;
; Estado.Reserved_Bit_Normal     ; 0                    ; 0                     ; 0                     ; 0             ; 0                ; 0                ; 0                ; 0                 ; 0                ; 0                        ; 0                  ; 0                   ; 0                      ; 0                      ; 1                          ; 0                              ; 1            ;
; Estado.Identificador_A         ; 0                    ; 0                     ; 0                     ; 0             ; 0                ; 0                ; 0                ; 0                 ; 0                ; 0                        ; 0                  ; 0                   ; 0                      ; 1                      ; 0                          ; 0                              ; 1            ;
; Estado.Identificador_B         ; 0                    ; 0                     ; 0                     ; 0             ; 0                ; 0                ; 0                ; 0                 ; 0                ; 0                        ; 0                  ; 0                   ; 1                      ; 0                      ; 0                          ; 0                              ; 1            ;
; Estado.End_Of_Frame            ; 0                    ; 0                     ; 0                     ; 0             ; 0                ; 0                ; 0                ; 0                 ; 0                ; 0                        ; 0                  ; 1                   ; 0                      ; 0                      ; 0                          ; 0                              ; 1            ;
; Estado.Start_Frame             ; 0                    ; 0                     ; 0                     ; 0             ; 0                ; 0                ; 0                ; 0                 ; 0                ; 0                        ; 1                  ; 0                   ; 0                      ; 0                      ; 0                          ; 0                              ; 1            ;
; Estado.Length_Data_Field       ; 0                    ; 0                     ; 0                     ; 0             ; 0                ; 0                ; 0                ; 0                 ; 0                ; 1                        ; 0                  ; 0                   ; 0                      ; 0                      ; 0                          ; 0                              ; 1            ;
; Estado.DoubtBits               ; 0                    ; 0                     ; 0                     ; 0             ; 0                ; 0                ; 0                ; 0                 ; 1                ; 0                        ; 0                  ; 0                   ; 0                      ; 0                      ; 0                          ; 0                              ; 1            ;
; Estado.Data_Frame              ; 0                    ; 0                     ; 0                     ; 0             ; 0                ; 0                ; 0                ; 1                 ; 0                ; 0                        ; 0                  ; 0                   ; 0                      ; 0                      ; 0                          ; 0                              ; 1            ;
; Estado.CRC_Frame               ; 0                    ; 0                     ; 0                     ; 0             ; 0                ; 0                ; 1                ; 0                 ; 0                ; 0                        ; 0                  ; 0                   ; 0                      ; 0                      ; 0                          ; 0                              ; 1            ;
; Estado.ACK_Frame               ; 0                    ; 0                     ; 0                     ; 0             ; 0                ; 1                ; 0                ; 0                 ; 0                ; 0                        ; 0                  ; 0                   ; 0                      ; 0                      ; 0                          ; 0                              ; 1            ;
; Estado.ConClusao               ; 0                    ; 0                     ; 0                     ; 0             ; 1                ; 0                ; 0                ; 0                 ; 0                ; 0                        ; 0                  ; 0                   ; 0                      ; 0                      ; 0                          ; 0                              ; 1            ;
; Estado.Ocioso                  ; 0                    ; 0                     ; 0                     ; 1             ; 0                ; 0                ; 0                ; 0                 ; 0                ; 0                        ; 0                  ; 0                   ; 0                      ; 0                      ; 0                          ; 0                              ; 1            ;
; Estado.Stuffing_Check          ; 0                    ; 0                     ; 1                     ; 0             ; 0                ; 0                ; 0                ; 0                 ; 0                ; 0                        ; 0                  ; 0                   ; 0                      ; 0                      ; 0                          ; 0                              ; 1            ;
; Estado.Stuffing_Error          ; 0                    ; 1                     ; 0                     ; 0             ; 0                ; 0                ; 0                ; 0                 ; 0                ; 0                        ; 0                  ; 0                   ; 0                      ; 0                      ; 0                          ; 0                              ; 1            ;
; Estado.CRC_Delimiter           ; 1                    ; 0                     ; 0                     ; 0             ; 0                ; 0                ; 0                ; 0                 ; 0                ; 0                        ; 0                  ; 0                   ; 0                      ; 0                      ; 0                          ; 0                              ; 1            ;
+--------------------------------+----------------------+-----------------------+-----------------------+---------------+------------------+------------------+------------------+-------------------+------------------+--------------------------+--------------------+---------------------+------------------------+------------------------+----------------------------+--------------------------------+--------------+


Encoding Type:  One-Hot
+----------------------------------------------------------------------------------------------------------------------------------------------------------------------------------------------------------------------------------------------------------------------------------------------------------------------------------------------------------------------------------------------------------------------+
; State Machine - |can_rx|Redirecionando                                                                                                                                                                                                                                                                                                                                                                               ;
+----------------------------------------+--------------------------+--------------------------+--------------------------+---------------------------+--------------------------+----------------------------------+-----------------------------+--------------------------------+----------------------+------------------------------------+----------------------------------------+------------------------------+
; Name                                   ; Redirecionando.ConClusao ; Redirecionando.ACK_Frame ; Redirecionando.CRC_Frame ; Redirecionando.Data_Frame ; Redirecionando.DoubtBits ; Redirecionando.Length_Data_Field ; Redirecionando.End_Of_Frame ; Redirecionando.Identificador_B ; Redirecionando.00011 ; Redirecionando.Reserved_Bit_Normal ; Redirecionando.Reserved_Bits_Extandard ; Redirecionando.CRC_Delimiter ;
+----------------------------------------+--------------------------+--------------------------+--------------------------+---------------------------+--------------------------+----------------------------------+-----------------------------+--------------------------------+----------------------+------------------------------------+----------------------------------------+------------------------------+
; Redirecionando.Reserved_Bits_Extandard ; 0                        ; 0                        ; 0                        ; 0                         ; 0                        ; 0                                ; 0                           ; 0                              ; 0                    ; 0                                  ; 0                                      ; 0                            ;
; Redirecionando.Reserved_Bit_Normal     ; 0                        ; 0                        ; 0                        ; 0                         ; 0                        ; 0                                ; 0                           ; 0                              ; 0                    ; 1                                  ; 1                                      ; 0                            ;
; Redirecionando.00011                   ; 0                        ; 0                        ; 0                        ; 0                         ; 0                        ; 0                                ; 0                           ; 0                              ; 1                    ; 0                                  ; 1                                      ; 0                            ;
; Redirecionando.Identificador_B         ; 0                        ; 0                        ; 0                        ; 0                         ; 0                        ; 0                                ; 0                           ; 1                              ; 0                    ; 0                                  ; 1                                      ; 0                            ;
; Redirecionando.End_Of_Frame            ; 0                        ; 0                        ; 0                        ; 0                         ; 0                        ; 0                                ; 1                           ; 0                              ; 0                    ; 0                                  ; 1                                      ; 0                            ;
; Redirecionando.Length_Data_Field       ; 0                        ; 0                        ; 0                        ; 0                         ; 0                        ; 1                                ; 0                           ; 0                              ; 0                    ; 0                                  ; 1                                      ; 0                            ;
; Redirecionando.DoubtBits               ; 0                        ; 0                        ; 0                        ; 0                         ; 1                        ; 0                                ; 0                           ; 0                              ; 0                    ; 0                                  ; 1                                      ; 0                            ;
; Redirecionando.Data_Frame              ; 0                        ; 0                        ; 0                        ; 1                         ; 0                        ; 0                                ; 0                           ; 0                              ; 0                    ; 0                                  ; 1                                      ; 0                            ;
; Redirecionando.CRC_Frame               ; 0                        ; 0                        ; 1                        ; 0                         ; 0                        ; 0                                ; 0                           ; 0                              ; 0                    ; 0                                  ; 1                                      ; 0                            ;
; Redirecionando.ACK_Frame               ; 0                        ; 1                        ; 0                        ; 0                         ; 0                        ; 0                                ; 0                           ; 0                              ; 0                    ; 0                                  ; 1                                      ; 0                            ;
; Redirecionando.ConClusao               ; 1                        ; 0                        ; 0                        ; 0                         ; 0                        ; 0                                ; 0                           ; 0                              ; 0                    ; 0                                  ; 1                                      ; 0                            ;
; Redirecionando.CRC_Delimiter           ; 0                        ; 0                        ; 0                        ; 0                         ; 0                        ; 0                                ; 0                           ; 0                              ; 0                    ; 0                                  ; 1                                      ; 1                            ;
+----------------------------------------+--------------------------+--------------------------+--------------------------+---------------------------+--------------------------+----------------------------------+-----------------------------+--------------------------------+----------------------+------------------------------------+----------------------------------------+------------------------------+


+---------------------------------------------------------------------------------+
; Registers Removed During Synthesis                                              ;
+----------------------------------------+----------------------------------------+
; Register name                          ; Reason for Removal                     ;
+----------------------------------------+----------------------------------------+
; r_Rx_DV                                ; Stuck at GND due to stuck port data_in ;
; New_Jump[1]                            ; Merged with New_Jump[0]                ;
; Estado~14                              ; Lost fanout                            ;
; Estado~15                              ; Lost fanout                            ;
; Estado~16                              ; Lost fanout                            ;
; Estado~17                              ; Lost fanout                            ;
; Estado~18                              ; Lost fanout                            ;
; Redirecionando~2                       ; Lost fanout                            ;
; Redirecionando~3                       ; Lost fanout                            ;
; Redirecionando~4                       ; Lost fanout                            ;
; Redirecionando~5                       ; Lost fanout                            ;
; Total Number of Removed Registers = 11 ;                                        ;
+----------------------------------------+----------------------------------------+


+------------------------------------------------------+
; General Register Statistics                          ;
+----------------------------------------------+-------+
; Statistic                                    ; Value ;
+----------------------------------------------+-------+
; Total registers                              ; 304   ;
; Number of registers using Synchronous Clear  ; 64    ;
; Number of registers using Synchronous Load   ; 29    ;
; Number of registers using Asynchronous Clear ; 0     ;
; Number of registers using Asynchronous Load  ; 0     ;
; Number of registers using Clock Enable       ; 95    ;
; Number of registers using Preset             ; 0     ;
+----------------------------------------------+-------+


+-----------------------------------------------------+
; Inverted Register Statistics                        ;
+-------------------------------------------+---------+
; Inverted Register                         ; Fan out ;
+-------------------------------------------+---------+
; Data_Bit                                  ; 122     ;
; Stuffing_ON                               ; 6       ;
; Data_Bit_Duplicated                       ; 1       ;
; can_stuff_error:CAN_RX_INST|stuff_monitor ; 2       ;
; RTR_BIT                                   ; 2       ;
; Total number of inverted registers = 5    ;         ;
+-------------------------------------------+---------+


+------------------------------------------------------------------------------------------------------------------------------------------+
; Multiplexer Restructuring Statistics (Restructuring Performed)                                                                           ;
+--------------------+-----------+---------------+----------------------+------------------------+------------+----------------------------+
; Multiplexer Inputs ; Bus Width ; Baseline Area ; Area if Restructured ; Saving if Restructured ; Registered ; Example Multiplexer Output ;
+--------------------+-----------+---------------+----------------------+------------------------+------------+----------------------------+
; 9:1                ; 29 bits   ; 174 LEs       ; 58 LEs               ; 116 LEs                ; Yes        ; |can_rx|New_Jump[9]        ;
; 15:1               ; 32 bits   ; 320 LEs       ; 32 LEs               ; 288 LEs                ; Yes        ; |can_rx|Bit_Index[24]      ;
; 18:1               ; 64 bits   ; 768 LEs       ; 64 LEs               ; 704 LEs                ; Yes        ; |can_rx|Clock_Count[28]    ;
; 4:1                ; 12 bits   ; 24 LEs        ; 12 LEs               ; 12 LEs                 ; No         ; |can_rx|Estado             ;
; 6:1                ; 32 bits   ; 128 LEs       ; 96 LEs               ; 32 LEs                 ; No         ; |can_rx|Bit_Stuffing       ;
+--------------------+-----------+---------------+----------------------+------------------------+------------+----------------------------+


+------------------------------------------------------------------------+
; Parameter Settings for User Entity Instance: Top-level Entity: |can_rx ;
+-------------------------+-------+--------------------------------------+
; Parameter Name          ; Value ; Type                                 ;
+-------------------------+-------+--------------------------------------+
; Inicio                  ; 00000 ; Unsigned Binary                      ;
; Reserved_Bits_Extandard ; 00001 ; Unsigned Binary                      ;
; Reserved_Bit_Normal     ; 00010 ; Unsigned Binary                      ;
; Identificador_A         ; 00011 ; Unsigned Binary                      ;
; Identificador_B         ; 00100 ; Unsigned Binary                      ;
; End_Of_Frame            ; 00101 ; Unsigned Binary                      ;
; Start_Frame             ; 00110 ; Unsigned Binary                      ;
; Length_Data_Field       ; 00111 ; Unsigned Binary                      ;
; DoubtBits               ; 01000 ; Unsigned Binary                      ;
; Data_Frame              ; 01001 ; Unsigned Binary                      ;
; CRC_Frame               ; 01010 ; Unsigned Binary                      ;
; ACK_Frame               ; 01011 ; Unsigned Binary                      ;
; ConClusao               ; 01100 ; Unsigned Binary                      ;
; Ocioso                  ; 01101 ; Unsigned Binary                      ;
; Stuffing_Check          ; 01110 ; Unsigned Binary                      ;
; Stuffing_Bit            ; 01111 ; Unsigned Binary                      ;
; Stuffing_Error          ; 10000 ; Unsigned Binary                      ;
; CRC_Delimiter           ; 10001 ; Unsigned Binary                      ;
; CLKS_PER_BIT            ; 10    ; Signed Integer                       ;
+-------------------------+-------+--------------------------------------+
Note: In order to hide this table in the UI and the text report file, please set the "Show Parameter Settings in Synthesis Report" option in "Analysis and Synthesis Settings -> More Settings" to "Off".


+--------------------------------------------------------------------------+
; Parameter Settings for User Entity Instance: can_stuff_error:CAN_RX_INST ;
+--------------------+-------+---------------------------------------------+
; Parameter Name     ; Value ; Type                                        ;
+--------------------+-------+---------------------------------------------+
; stuff_CLKS_PER_BIT ; 10    ; Signed Integer                              ;
+--------------------+-------+---------------------------------------------+
Note: In order to hide this table in the UI and the text report file, please set the "Show Parameter Settings in Synthesis Report" option in "Analysis and Synthesis Settings -> More Settings" to "Off".


+-----------------------------------------------------+
; Post-Synthesis Netlist Statistics for Top Partition ;
+-----------------------+-----------------------------+
; Type                  ; Count                       ;
+-----------------------+-----------------------------+
; boundary_port         ; 111                         ;
; cycloneiii_ff         ; 304                         ;
;     ENA               ; 2                           ;
;     ENA SCLR          ; 64                          ;
;     ENA SLD           ; 29                          ;
;     plain             ; 209                         ;
; cycloneiii_lcell_comb ; 1408                        ;
;     arith             ; 368                         ;
;         2 data inputs ; 303                         ;
;         3 data inputs ; 65                          ;
;     normal            ; 1040                        ;
;         0 data inputs ; 1                           ;
;         1 data inputs ; 13                          ;
;         2 data inputs ; 102                         ;
;         3 data inputs ; 142                         ;
;         4 data inputs ; 782                         ;
;                       ;                             ;
; Max LUT depth         ; 21.40                       ;
; Average LUT depth     ; 9.91                        ;
+-----------------------+-----------------------------+


+-------------------------------+
; Elapsed Time Per Partition    ;
+----------------+--------------+
; Partition Name ; Elapsed Time ;
+----------------+--------------+
; Top            ; 00:00:04     ;
+----------------+--------------+


+-------------------------------+
; Analysis & Synthesis Messages ;
+-------------------------------+
Info: *******************************************************************
Info: Running Quartus Prime Analysis & Synthesis
    Info: Version 17.0.0 Build 595 04/25/2017 SJ Lite Edition
    Info: Processing started: Tue May 30 02:35:44 2017
Info: Command: quartus_map --read_settings_files=on --write_settings_files=off CanBus -c CanBus
Warning (18236): Number of processors has not been specified which may cause overloading on shared machines.  Set the global assignment NUM_PARALLEL_PROCESSORS in your QSF to an appropriate value for best performance.
Info (20030): Parallel compilation is enabled and will use 2 of the 2 processors detected
Info (12021): Found 1 design units, including 1 entities, in source file can_tx.v
    Info (12023): Found entity 1: can_tx File: C:/Users/Carol/Documents/quartusworkspace/CanBus/can_tx.v Line: 14
Info (12021): Found 1 design units, including 1 entities, in source file can_rx.v
    Info (12023): Found entity 1: can_rx File: C:/Users/Carol/Documents/quartusworkspace/CanBus/can_rx.v Line: 14
Info (12021): Found 1 design units, including 1 entities, in source file can_destuff.v
    Info (12023): Found entity 1: can_destuff File: C:/Users/Carol/Documents/quartusworkspace/CanBus/can_destuff.v Line: 1
Info (12021): Found 1 design units, including 1 entities, in source file can_stuff_error.v
    Info (12023): Found entity 1: can_stuff_error File: C:/Users/Carol/Documents/quartusworkspace/CanBus/can_stuff_error.v Line: 1
Info (12127): Elaborating entity "can_rx" for the top level hierarchy
Warning (10175): Verilog HDL warning at can_rx.v(107): ignoring unsupported system task File: C:/Users/Carol/Documents/quartusworkspace/CanBus/can_rx.v Line: 107
Warning (10175): Verilog HDL warning at can_rx.v(137): ignoring unsupported system task File: C:/Users/Carol/Documents/quartusworkspace/CanBus/can_rx.v Line: 137
Info (12128): Elaborating entity "can_stuff_error" for hierarchy "can_stuff_error:CAN_RX_INST" File: C:/Users/Carol/Documents/quartusworkspace/CanBus/can_rx.v Line: 62
Warning (13024): Output pins are stuck at VCC or GND
    Warning (13410): Pin "o_Rx_DV" is stuck at GND File: C:/Users/Carol/Documents/quartusworkspace/CanBus/can_rx.v Line: 14
Info (286030): Timing-Driven Synthesis is running
Info (17049): 9 registers lost all their fanouts during netlist optimizations.
Info (144001): Generated suppressed messages file C:/Users/Carol/Documents/quartusworkspace/CanBus/output_files/CanBus.map.smsg
Info (16010): Generating hard_block partition "hard_block:auto_generated_inst"
    Info (16011): Adding 0 node(s), including 0 DDIO, 0 PLL, 0 transceiver and 0 LCELL
Info (21057): Implemented 1522 device resources after synthesis - the final resource count might be different
    Info (21058): Implemented 2 input pins
    Info (21059): Implemented 109 output pins
    Info (21061): Implemented 1411 logic cells
Info: Quartus Prime Analysis & Synthesis was successful. 0 errors, 5 warnings
    Info: Peak virtual memory: 641 megabytes
    Info: Processing ended: Tue May 30 02:36:03 2017
    Info: Elapsed time: 00:00:19
    Info: Total CPU time (on all processors): 00:00:37


+------------------------------------------+
; Analysis & Synthesis Suppressed Messages ;
+------------------------------------------+
The suppressed messages can be found in C:/Users/Carol/Documents/quartusworkspace/CanBus/output_files/CanBus.map.smsg.


